10000,10,3
Example 78, cluster 0: 0.357141 -0.00508757 0.330426 0.451245 0.970069 -0.191526 -0.541848 0.468368 0.407361 0.359956 
Example 83, cluster 0: -0.0618884 -0.130321 1.30862 0.283201 0.223361 0.143687 0.29741 0.000881797 1.4228 -0.518271 
Example 93, cluster 0: -0.34198 1.32404 0.329164 0.0414913 0.523578 -0.446354 0.795541 -0.232723 0.463338 0.627502 
Example 163, cluster 0: 0.688802 0.34035 0.602745 0.499567 0.182557 0.668291 0.737537 -0.0548928 1.4544 -1.09815 
Example 208, cluster 0: 0.555949 1.04039 0.697897 -0.0029379 -0.168118 1.03396 0.555456 0.216683 0.739692 -0.318794 
Example 417, cluster 0: -0.439265 0.465103 0.00709629 1.10258 0.440701 0.465926 0.0623607 1.22653 2.18088 0.786466 
Example 459, cluster 0: -0.0857248 -0.216647 0.723269 -0.430608 0.39147 0.712984 0.656992 0.432509 -0.222085 1.74551 
Example 463, cluster 0: 0.553292 0.932327 0.732169 0.226443 0.852319 0.686704 1.16363 1.65354 0.946441 0.460545 
Example 516, cluster 0: 0.966855 1.30801 0.114946 0.408539 0.782221 0.404373 0.160705 0.496554 0.422376 -0.766589 
Example 702, cluster 0: 0.737646 1.19657 1.31819 0.679435 0.739519 0.583231 -0.914641 0.0816782 0.118015 0.562824 
Example 860, cluster 0: -0.258027 -0.643841 0.388461 1.2399 0.236357 -0.391138 0.0228557 0.664395 0.648345 1.68355 
Example 937, cluster 0: -0.571529 1.35222 0.590107 0.290175 0.531817 0.913394 0.312467 1.21569 0.228132 -1.27323 
Example 960, cluster 0: 0.361237 0.285209 0.0363473 0.745264 1.02041 0.518179 0.744414 -0.028068 1.41133 -0.359621 
Example 1105, cluster 0: 0.348524 0.17628 -0.110035 0.325063 0.155548 0.673431 1.57299 0.80795 -0.226918 -0.111346 
Example 1162, cluster 0: 1.42842 1.14482 -0.522773 -0.423272 0.927446 0.624341 0.649792 0.72657 0.905855 0.422093 
Example 1523, cluster 0: 0.732492 0.717045 1.46023 -0.0388233 0.713883 0.286833 0.723241 0.813461 -0.290092 1.88491 
Example 1527, cluster 0: 0.168087 -0.183577 0.889018 0.936025 0.187945 1.12894 -0.282798 1.39672 0.878409 0.0597974 
Example 1609, cluster 0: 0.79508 0.206342 0.468415 0.182302 1.1921 -0.177555 -0.295208 0.398293 0.667991 0.305193 
Example 1674, cluster 0: 0.717076 0.401561 0.703564 0.30039 1.18472 0.477029 0.0958148 0.492848 0.498116 1.09888 
Example 1785, cluster 0: 0.325456 0.554542 0.93999 0.593206 0.321837 1.2395 0.14936 -0.516065 0.607844 0.535483 
Example 1927, cluster 0: 1.12506 0.105546 1.4079 0.134385 0.702538 -0.116542 0.840141 0.863953 1.26861 -0.0936647 
Example 1952, cluster 0: 1.19515 0.730982 0.961716 1.2767 1.41416 0.959644 0.962782 0.635944 0.227012 -0.44033 
Example 1983, cluster 0: 0.866873 0.865634 1.2556 0.921825 1.03131 0.678344 -0.0294342 0.54814 1.32495 -0.0464544 
Example 2022, cluster 0: -0.219806 -0.161858 1.13316 0.188554 0.644922 -0.0398893 0.360255 1.17026 0.179621 0.108909 
Example 2222, cluster 0: 0.0645025 0.211285 0.294513 1.05814 -0.32961 1.83343 0.763852 0.770014 0.384892 1.05313 
Example 2260, cluster 0: 0.757633 0.935542 0.148746 -0.0698559 0.393598 1.25044 0.629505 0.750612 0.597647 1.06338 
Example 2403, cluster 0: 0.658436 0.240718 1.1449 0.403904 0.334914 -0.18861 0.0693614 -0.184909 0.801588 0.212421 
Example 2420, cluster 0: 0.529073 1.19252 0.573693 0.345886 0.77192 1.12013 1.10484 0.063255 0.524068 0.415209 
Example 2441, cluster 0: 1.00445 -0.209168 0.29085 0.928814 -0.528314 1.30637 0.424014 0.16709 0.484283 0.58403 
Example 2536, cluster 0: 1.10283 1.46703 -0.393652 0.832843 1.19549 0.850497 1.30809 0.134874 1.30929 0.514809 
Example 2590, cluster 0: 0.775219 0.201222 0.461101 1.3944 0.870218 0.888607 0.473972 0.580023 1.12564 -0.194396 
Example 2681, cluster 0: 1.40955 0.172922 0.471415 0.655589 -0.112484 0.463886 0.624742 0.917235 0.607422 0.126164 
Example 2829, cluster 0: -0.00822201 0.282712 0.421417 0.290231 1.06885 -0.0638867 1.64929 0.504417 0.694815 0.174294 
Example 2848, cluster 0: 0.295143 -0.191631 0.718391 0.0638588 2.22555 -0.209236 0.447377 0.339607 1.00468 0.157913 
Example 2911, cluster 0: 0.226718 0.376498 0.548672 0.911599 1.06626 0.903929 0.107654 0.122893 0.699973 0.875764 
Example 2951, cluster 0: 0.715287 0.645311 0.485169 -0.337489 0.529815 1.03397 1.21416 0.56904 1.0814 -0.313183 
Example 3045, cluster 0: 0.196576 0.823019 0.127441 1.2027 -0.278024 0.980792 0.723358 0.10818 0.319914 0.597232 
Example 3135, cluster 0: 0.108012 0.957242 0.262982 0.110259 -1.06493 -0.223981 1.33758 0.0740233 0.771769 1.05955 
Example 3609, cluster 0: -0.320134 0.755153 0.0335604 -0.038458 1.12555 0.0119622 0.376404 0.00424013 0.492826 0.703076 
Example 3787, cluster 0: 0.62321 0.420805 0.700245 1.16084 0.278028 0.866759 -0.444751 0.759042 0.839587 -0.126371 
Example 3801, cluster 0: 0.897233 1.33159 0.441087 0.638613 -0.40856 0.604124 0.971266 0.194996 0.988121 0.613835 
Example 3948, cluster 0: 1.26805 0.454524 -0.594278 -0.329735 1.42259 0.804599 1.53172 -0.101239 0.882438 0.181567 
Example 3999, cluster 0: 0.975798 1.30233 0.287251 0.994708 0.447166 1.23735 1.30101 -0.185636 0.253432 0.638392 
Example 4109, cluster 0: 0.254664 1.68495 1.65561 -0.546773 0.897297 -0.126641 0.746502 0.273179 0.115942 0.505411 
Example 4125, cluster 0: -0.0347865 0.695936 1.32511 0.330625 -0.342108 0.53688 0.421517 -0.311864 1.26989 0.225864 
Example 4138, cluster 0: 0.991825 -0.161096 -0.198763 0.648118 0.53293 0.548511 -0.031351 0.197575 0.403104 -0.0800375 
Example 4332, cluster 0: -0.0688831 -0.17903 0.12222 0.822294 0.597272 0.613312 0.9062 0.812308 0.556121 -0.131081 
Example 4416, cluster 0: 0.14179 0.0680039 1.25087 -0.176178 0.437735 1.57984 -0.369869 0.534701 0.870472 1.49334 
Example 4663, cluster 0: 0.963789 1.14308 0.435141 0.467613 0.252164 1.09391 1.7172 0.138755 0.130987 0.153835 
Example 4696, cluster 0: 0.56721 0.880235 0.593647 0.665633 -0.447945 0.577624 1.17677 -0.344542 0.642938 0.208088 
Example 4756, cluster 0: 0.291118 1.03814 1.05376 -0.025668 0.294337 0.772512 0.682837 0.147078 1.11689 0.241515 
Example 4888, cluster 0: 0.483722 -0.0511502 1.01914 1.56377 0.573611 0.78338 -0.000371363 0.297344 1.01284 1.50844 
Example 4971, cluster 0: 0.620259 0.232992 1.39037 -0.194134 -0.00921872 0.891989 1.05422 0.00254974 0.38993 -0.242161 
Example 5091, cluster 0: 0.69659 0.373264 1.46999 2.26267 1.00135 1.43686 -0.211402 0.314169 0.963707 1.03215 
Example 5104, cluster 0: -0.3793 0.416102 1.45329 0.312106 0.655334 2.67846 0.794681 -0.0031552 1.10462 0.317527 
Example 5313, cluster 0: 0.323815 0.999367 0.39635 0.704357 -0.178352 0.474483 1.22339 -0.238249 -0.0161357 0.872866 
Example 5320, cluster 0: 0.801733 1.0353 0.342205 -0.825646 1.13889 0.275016 1.29838 0.361406 1.22313 0.605507 
Example 5592, cluster 0: 0.73262 -0.995764 0.203078 0.899034 -0.305429 0.0180361 0.694731 0.709052 0.775262 0.333009 
Example 5613, cluster 0: 1.33386 1.27535 0.0923828 0.632679 0.520403 0.668547 1.24843 0.118089 1.92446 0.317913 
Example 5696, cluster 0: -0.279458 0.376502 0.0747172 0.192253 0.656812 0.658639 -0.172518 0.548679 0.225094 1.04583 
Example 5714, cluster 0: 0.0628875 0.999024 0.163091 -0.343376 1.12975 0.837948 0.548946 0.219433 1.29312 0.767115 
Example 5745, cluster 0: 0.717762 0.437252 0.346016 0.680763 0.405099 1.11356 0.581244 0.712008 0.259069 1.18334 
Example 5750, cluster 0: -0.222486 0.218778 0.421312 0.87902 -0.56413 -0.0747059 0.160165 0.732248 0.251665 0.32104 
Example 5780, cluster 0: -0.298732 0.16057 1.35808 1.21663 0.349081 0.0423908 1.07671 -0.236508 0.225042 0.990623 
Example 5824, cluster 0: 0.299471 0.413377 1.39617 -0.321229 -0.0260803 -0.0710479 1.15315 0.870272 1.18816 0.710104 
Example 5842, cluster 0: 1.15243 0.628073 1.55432 0.766957 -0.722661 0.730047 0.547707 0.071391 0.530034 0.958467 
Example 6138, cluster 0: 0.170973 0.736678 0.0934031 -0.438895 0.26178 0.446068 0.287472 0.954764 0.879993 0.876781 
Example 6255, cluster 0: 0.436832 0.870111 0.814332 0.910215 -0.716218 -0.1781 0.0626316 -0.593437 0.757885 -0.656168 
Example 6259, cluster 0: 0.382902 0.331936 0.442287 1.15531 1.28631 -0.17965 -0.112324 0.77976 0.133279 -0.0150328 
Example 6325, cluster 0: 0.156438 -0.446503 0.589813 0.724931 -0.481152 0.2917 0.353642 1.27172 0.828707 0.390141 
Example 6546, cluster 0: -0.548218 0.731179 0.86422 0.726361 -0.543941 0.0698023 0.650119 -0.272531 0.064277 0.0151932 
Example 6616, cluster 0: 0.793436 0.637149 1.2959 0.0396577 -0.0575184 1.00993 -0.139467 -0.36597 0.557228 0.609019 
Example 6624, cluster 0: -0.503221 0.767865 0.755279 0.829783 0.0349022 0.210401 0.772227 0.874725 0.236009 -0.642377 
Example 6631, cluster 0: -0.458101 -0.0138856 0.886707 0.755047 -0.130683 0.968925 0.951789 0.618812 0.323422 0.570629 
Example 7336, cluster 0: 0.17147 0.70721 1.85816 0.41817 1.05019 0.546002 -0.0083479 1.57454 1.15625 1.46771 
Example 7419, cluster 0: 1.0964 -0.116508 0.424524 0.1031 1.3277 1.06125 0.132809 0.57598 1.65041 1.03244 
Example 7551, cluster 0: 1.22099 0.230602 1.31314 1.0839 0.760883 0.311572 0.041487 -0.211957 0.39102 0.87973 
Example 7609, cluster 0: -0.00989924 0.382662 0.389333 -0.194406 -0.332592 0.214059 1.36416 0.849655 0.339975 1.29144 
Example 7801, cluster 0: 1.16968 1.72192 0.305233 1.01392 0.471053 1.91882 0.788482 0.115477 0.173496 0.985133 
Example 8499, cluster 0: 1.09799 -0.758886 0.161214 0.121899 0.799776 0.570839 0.72504 0.427023 0.553982 0.791766 
Example 9013, cluster 0: 0.717265 0.573747 1.36601 0.906608 -0.0312618 0.787566 2.07186 0.169956 0.570793 0.000891243 
Example 9126, cluster 0: -0.712544 0.00165503 1.40853 0.891023 -0.209848 0.273819 0.184326 1.35219 0.880031 0.974038 
Example 9127, cluster 0: -0.0172634 -0.495094 1.48478 1.28802 -0.522634 0.492751 1.1809 0.47724 0.570166 0.992825 
Example 9137, cluster 0: -0.355137 0.570498 0.83769 1.19504 0.48137 -0.735435 0.918261 -0.376735 0.0224228 1.48133 
Example 9261, cluster 0: 0.646877 0.385149 1.55781 1.4641 0.338353 1.08612 0.261977 -0.285435 0.21599 0.048188 
Example 9271, cluster 0: -1.04792 1.32208 0.267454 1.20696 0.799578 -0.145106 1.99561 0.575811 0.257851 0.993029 
Example 9723, cluster 0: 0.0714429 1.20802 1.20882 0.929545 0.565519 -0.450098 1.00649 -0.11608 1.88981 0.798636 
Example 9783, cluster 0: 0.673875 0.0802665 0.337671 1.60056 -0.345235 0.580448 1.03151 1.58988 0.370614 1.3989 
Example 9796, cluster 0: 0.38704 0.0222143 1.22842 0.89349 0.411807 0.929716 0.0486753 0.926965 0.846532 0.382044 
Example 9874, cluster 0: -0.300972 0.23783 0.301371 1.38332 0.779257 0.547715 1.97518 1.10943 0.524658 0.971634 
Centroid 0: 0.456237 0.41592 0.627593 0.571885 0.490845 0.543146 0.540471 0.532293 0.509049 0.472173 
Centroid 1: 0 0 0 0 0 0 0 0 0 0 
Centroid 2: 0 0 0 0 0 0 0 0 0 0 
