10000,10,3
Example 99, cluster 1: 0.537231 -0.391821 0.0254219 0.233737 1.05935 1.15916 0.408628 0.0932981 0.267518 0.755974 
Example 125, cluster 1: 0.949865 0.584655 -0.235483 0.104004 0.542007 1.026 0.126762 0.281252 0.304544 0.234897 
Example 197, cluster 2: 0.943652 -0.419626 1.05768 1.41602 1.26063 1.2936 -0.10919 -0.0201894 -0.369725 -0.611417 
Example 475, cluster 0: 0.277156 -0.139029 0.559351 1.09964 0.101564 0.955669 0.918705 -0.161095 0.435964 0.869769 
Example 678, cluster 1: 0.417522 1.11661 0.312265 -0.787361 0.482471 -0.0131003 0.0319874 0.719174 0.62638 0.836027 
Example 759, cluster 1: 0.865317 1.56145 0.00678244 -0.209729 -0.296876 1.78803 1.64069 0.767247 0.800215 0.895754 
Example 889, cluster 1: 0.162271 0.926432 1.24645 0.160729 0.676622 0.78418 0.160886 0.948127 0.997434 0.0388822 
Example 1020, cluster 1: 1.02151 0.612546 0.404447 0.311386 0.709198 0.358054 1.61255 -0.722496 0.831368 -0.338034 
Example 1392, cluster 1: -0.0816037 0.233782 0.441066 0.44279 -0.691446 0.327915 1.6313 1.06858 0.906259 0.976095 
Example 1431, cluster 0: 0.413057 -0.292093 -0.188776 1.60089 -0.397283 -0.587921 -0.211904 0.281021 0.272304 0.666539 
Example 1494, cluster 1: -0.0984651 1.30147 1.23374 0.219946 0.387303 -0.351706 0.598118 1.11174 -0.0382472 1.29023 
Example 1686, cluster 0: 0.394775 0.179193 1.47201 1.24397 0.184851 1.07704 0.64715 0.763539 1.11752 1.74677 
Example 1764, cluster 1: -0.152108 -0.0841786 0.215045 1.59073 0.534332 0.0834042 0.93513 1.29379 0.0228019 1.21928 
Example 1881, cluster 1: 0.87488 -0.475884 0.272419 1.00074 1.78903 1.02024 0.134387 1.67037 0.427816 -0.549296 
Example 1886, cluster 1: -0.206179 0.234743 -0.0379565 0.458139 0.788971 0.00558221 0.848497 0.080005 0.544168 0.584501 
Example 2001, cluster 1: 0.429051 1.38231 -0.401824 0.330722 0.811874 0.214327 0.639124 0.535277 0.420255 0.731156 
Example 2542, cluster 0: 0.453262 -0.498558 0.575404 1.3649 0.021996 0.18736 -0.0918866 0.442118 1.36998 -0.460323 
Example 2581, cluster 1: 1.07458 1.36185 0.90853 0.163137 0.58256 1.10117 1.69506 0.233548 0.961044 -0.307836 
Example 2836, cluster 1: -0.107206 0.660073 1.19373 -0.120075 0.0723424 0.190072 1.75737 -0.912274 0.322497 0.480082 
Example 2855, cluster 1: 1.51141 0.543012 0.293196 0.711474 1.02511 0.13934 -0.321368 0.420015 0.622093 -0.121995 
Example 2881, cluster 1: 0.272958 0.82566 0.700564 -0.874767 0.231165 1.26477 0.558935 0.285609 0.389038 0.212669 
Example 3599, cluster 0: 0.369588 0.0472477 0.156692 -0.125693 0.657071 -0.267625 -0.443538 0.347297 0.604734 0.0435651 
Example 3665, cluster 1: 0.896594 1.02099 -0.368166 -0.28238 0.668339 1.1724 1.04811 -0.669505 0.823233 0.595333 
Example 3729, cluster 1: 1.14543 0.216912 0.417657 -0.0200806 1.14261 1.50421 0.847805 0.133117 -0.0695633 0.362921 
Example 3844, cluster 0: 0.447442 0.666038 0.452764 0.648337 0.0596223 1.39937 0.332443 0.132159 0.519793 1.10008 
Example 3938, cluster 0: 0.607321 0.232441 0.812727 1.51339 0.0161513 0.560666 -0.187461 1.03221 0.925577 0.147176 
Example 3978, cluster 2: 0.691856 -0.310309 0.452983 0.679582 0.312083 1.54924 -0.179898 0.568976 0.649714 0.680051 
Example 4016, cluster 0: -0.264497 0.413141 1.17362 1.57099 0.929806 0.352643 0.501678 0.496587 0.084272 0.663822 
Example 4041, cluster 1: 0.798426 0.440139 0.216394 0.938122 1.2732 0.742583 0.120019 0.821785 0.0504984 1.32652 
Example 4347, cluster 1: -0.34217 0.778156 -0.0581314 -0.100443 0.710478 -0.0587033 0.577074 -0.694995 0.538118 0.984724 
Example 4522, cluster 0: -0.41353 0.673138 1.99136 1.19525 0.294141 0.943044 0.697536 -0.1216 0.768242 1.5314 
Example 4651, cluster 0: -0.0141328 -0.271167 0.948508 1.20894 0.940076 0.722624 -0.59028 1.19787 0.484724 0.559761 
Example 4778, cluster 1: -0.171812 0.903769 0.728051 0.449043 1.13238 1.26984 0.346465 1.00268 1.39949 -0.19228 
Example 5083, cluster 2: 1.11812 -0.0910104 0.540701 0.212445 -1.03176 0.962005 0.517376 0.473191 -0.0851399 0.0707511 
Example 5121, cluster 1: 1.29875 0.214257 0.880965 0.269464 0.433886 0.346773 1.18847 0.772725 0.918567 1.58767 
Example 5126, cluster 0: -0.572118 0.760406 0.692236 0.697005 -0.145946 0.473562 0.579453 -0.374457 -0.0740611 1.04445 
Example 5203, cluster 1: 1.31354 2.38029 0.342307 0.724607 0.539445 0.639526 0.228813 -0.746221 0.279102 0.0279724 
Example 5236, cluster 0: 0.518165 0.757626 0.492454 1.44234 0.379266 0.115624 -0.491315 1.18329 0.33031 -0.258231 
Example 5303, cluster 0: 0.0387969 0.319498 -1.4054 1.83506 -0.367325 -0.646981 0.947545 0.381469 -0.805664 0.420481 
Example 5321, cluster 0: 0.279236 0.337992 1.24826 0.476462 0.644755 0.556848 -0.913329 0.342313 0.194752 -0.248591 
Example 5357, cluster 1: 0.70374 1.4515 0.108851 0.703 1.16613 0.358818 0.795755 0.846087 0.329653 -0.244611 
Example 5368, cluster 1: 0.995486 0.261829 -0.132636 0.835612 0.52006 -0.216481 0.491427 0.380829 -0.0331956 -0.107846 
Example 5554, cluster 1: 1.22554 -0.0501003 0.930227 -0.386251 1.14021 1.55056 0.786736 0.567952 0.109976 0.0312893 
Example 5560, cluster 1: 1.07735 0.938816 1.36022 0.835141 0.762798 0.771049 0.00827184 0.114515 0.657409 0.613017 
Example 5606, cluster 0: 0.8322 -0.539851 0.125539 1.38947 0.596877 0.365139 0.755847 1.17383 0.750529 0.56902 
Example 5729, cluster 1: -0.214894 1.0021 -0.0156535 0.580873 1.12283 1.25621 -0.124188 1.51594 0.17492 0.672432 
Example 5882, cluster 1: 0.159332 0.770546 1.58726 0.7024 0.849968 0.486413 1.64495 0.999597 0.258211 0.505942 
Example 5894, cluster 1: 0.318059 1.494 -0.436425 0.892323 1.07839 0.00953434 0.598942 -0.540647 1.7476 0.243886 
Example 6159, cluster 1: -0.325442 2.46519 0.467092 -0.542039 0.716914 0.106517 1.61442 1.02124 1.33756 0.87133 
Example 6264, cluster 1: 1.35256 0.203262 0.542456 1.19108 0.343648 0.201689 0.321519 1.01321 0.516058 0.616399 
Example 6321, cluster 0: 0.651354 -0.0213619 -0.553015 1.50644 0.369554 0.416208 0.268229 1.04264 0.791798 0.118975 
Example 6434, cluster 1: -0.453538 1.07887 0.327917 0.0219898 0.32696 0.67992 0.99328 0.730755 1.21314 0.164454 
Example 6443, cluster 0: 0.132271 0.346994 1.24526 0.358259 -0.452412 0.811505 0.966489 -0.724723 1.31349 0.441322 
Example 6796, cluster 1: 1.20462 -0.00588208 0.214208 0.333454 0.721259 0.533031 0.901754 0.30501 0.41574 0.0908236 
Example 6916, cluster 0: 0.0491083 -0.0874696 0.970275 -0.361248 -0.0219 0.0963708 -0.476993 0.626967 0.465748 1.18237 
Example 6947, cluster 0: -0.286651 0.537562 1.60057 0.652988 0.711639 0.720285 -0.19964 0.495304 1.41695 1.49821 
Example 7001, cluster 0: 0.248275 1.11234 1.24537 1.33847 0.409867 0.931722 -0.599999 0.7477 0.773831 0.980655 
Example 7120, cluster 1: 0.636158 0.491726 0.759194 0.686149 0.434453 0.263946 0.824336 0.540609 0.771395 1.26307 
Example 7128, cluster 1: -0.113396 0.525398 0.966325 -0.0947699 0.84445 0.287756 1.3038 0.646793 1.6287 0.217395 
Example 7295, cluster 1: 1.05318 1.31153 1.82549 0.370719 0.375229 0.816821 -0.164511 1.46222 0.717752 1.03852 
Example 7355, cluster 1: -1.04364 0.980523 0.087266 0.356483 0.736744 -0.237431 0.857567 1.47445 0.936832 0.201184 
Example 7506, cluster 0: 0.777923 0.224779 -0.0532113 0.966831 0.420021 0.412325 0.206681 0.387011 1.1212 1.11892 
Example 7532, cluster 1: -0.13547 0.564231 0.321027 -0.110508 -0.481771 0.344256 0.98573 -0.41403 0.783859 0.930641 
Example 7698, cluster 1: 1.3234 1.01491 -1.16262 0.935783 1.95065 1.40145 0.868802 -0.210414 1.00339 -0.376948 
Example 7702, cluster 1: 1.13024 0.067012 1.04601 0.43699 0.318574 0.582588 0.611909 1.05568 0.822214 0.753768 
Example 7782, cluster 0: 0.0378624 -0.623705 -0.0981939 0.722519 0.711393 0.189632 -0.415644 0.629417 0.768302 0.614528 
Example 7807, cluster 1: 0.333618 0.737086 -0.302397 0.0286972 0.171635 0.536772 0.412742 -0.0558864 0.752446 0.41824 
Example 7826, cluster 1: -0.567965 1.09739 0.866505 1.24064 0.135813 0.182183 2.10691 0.676471 -0.425044 0.873808 
Example 7867, cluster 1: 0.325264 0.762431 0.478705 0.474419 0.0271274 0.542969 1.15406 -0.109632 0.85671 -0.113962 
Example 8023, cluster 1: -0.259969 0.87057 0.16262 -0.00465434 0.68637 0.213828 1.19068 0.12617 0.669929 0.364984 
Example 8130, cluster 0: -0.240324 0.0211944 0.30151 0.726604 -0.424518 0.574291 0.266824 1.28881 0.0714644 0.124008 
Example 8147, cluster 0: 0.27213 -0.457581 0.389037 -0.0658973 -1.08039 -0.544586 0.228509 0.910463 0.350239 0.802635 
Example 8150, cluster 1: 0.21564 1.33665 -0.712533 -0.0846563 0.815134 -0.224512 -0.0899393 0.638134 -0.427716 0.312297 
Example 8186, cluster 1: -0.333144 0.324317 0.697164 0.925779 1.53248 -0.505734 -0.0433613 0.694462 -0.316318 0.132569 
Example 8337, cluster 2: 1.2187 -0.281869 0.113023 0.770894 0.373483 0.380034 -0.436908 -0.0629693 0.832004 1.4307 
Example 8377, cluster 1: 0.601654 0.182118 0.749479 -0.285735 -0.464667 0.711394 2.25982 -0.176884 1.45873 -0.402887 
Example 8556, cluster 1: 0.498878 0.936775 -0.0409428 0.120406 1.737 0.166216 0.6329 0.184257 1.08017 2.16879 
Example 8748, cluster 1: 1.47646 0.56289 0.690237 0.520199 1.05726 1.3218 0.963216 0.957484 0.111896 0.388464 
Example 8750, cluster 1: 0.807311 0.315821 1.14097 0.0406514 0.511934 0.231417 0.168278 1.05778 1.29719 0.227503 
Example 9022, cluster 1: 0.566079 1.19377 0.440744 0.0560372 0.178838 0.732474 0.734129 0.21948 1.00904 1.30744 
Example 9075, cluster 1: 0.433163 0.646131 1.12013 0.250416 0.750467 -0.678827 0.372137 0.506414 0.822338 1.61035 
Example 9130, cluster 1: 0.518235 1.0828 1.69759 1.50275 0.000432747 0.19256 1.11952 0.29932 0.0132781 0.184715 
Example 9337, cluster 0: 0.8704 0.315054 1.38576 0.979757 -0.159408 0.793398 -0.855469 0.808193 1.44782 -0.207366 
Example 9414, cluster 1: -0.161285 0.606831 -0.0338977 -0.153382 0.0103779 0.554805 1.88122 -1.06119 0.637334 0.366556 
Example 9530, cluster 0: -0.346649 0.933929 0.400854 1.09058 0.0423284 0.168981 0.611122 -0.235069 0.900253 1.18752 
Example 9715, cluster 1: 0.892026 1.54765 0.225847 0.237401 1.25558 0.473687 0.555265 0.0756226 -0.277371 0.0751246 
Example 9726, cluster 1: 1.13587 0.821388 0.251373 0.556056 -0.0709959 0.876264 0.768428 0.437178 1.16366 1.14094 
Example 9812, cluster 1: 0.0931158 0.455553 1.22233 -0.665166 0.1149 0.478499 1.13373 0.810739 0.674493 0.0714437 
Example 9933, cluster 2: 0.534811 0.0725514 -0.180141 0.639214 0.266971 2.39534 0.631014 -0.114966 0.82074 1.35687 
Centroid 0: 0.981365 0.0871668 0.555565 0.855668 0.60161 0.945648 0.239802 0.194861 0.199621 0.949124 
Centroid 1: 1.00184 0.133048 0.555746 0.808734 0.636935 0.930882 0.289468 0.242731 0.172509 0.96715 
Centroid 2: 1.02109 0.0462953 0.552868 0.836129 0.562135 0.975392 0.24241 0.16106 0.163387 0.957355 
